adlibs/build/outputs/logs/manifest-merger-debug-report.txt
-- Merging decision tree log ---
manifest
ADDED from src\main\AndroidManifest.xml:1:1-302:12
INJECTED from src\main\AndroidManifest.xml:1:1-302:12
INJECTED from src\main\AndroidManifest.xml:1:1-302:12
INJECTED from src\main\AndroidManifest.xml:1:1-302:12
INJECTED from src\main\AndroidManifest.xml:1:1-302:12
INJECTED from src\main\AndroidManifest.xml:1:1-302:12
INJECTED from src\main\AndroidManifest.xml:1:1-302:12
	package
		ADDED from src\main\AndroidManifest.xml:1:11-41
		INJECTED from src\main\AndroidManifest.xml
		INJECTED from src\main\AndroidManifest.xml
	android:versionName
		INJECTED from src\main\AndroidManifest.xml
		ADDED from src\main\AndroidManifest.xml:1:1-302:12
		INJECTED from src\main\AndroidManifest.xml
	xmlns:tools
		ADDED from src\main\AndroidManifest.xml:1:101-147
	android:versionCode
		INJECTED from src\main\AndroidManifest.xml
		ADDED from src\main\AndroidManifest.xml:1:1-302:12
		INJECTED from src\main\AndroidManifest.xml
	xmlns:android
		ADDED from src\main\AndroidManifest.xml:1:42-100
uses-sdk
ADDED from src\main\AndroidManifest.xml:3:5-6:85
INJECTED from src\main\AndroidManifest.xml:3:5-6:85
INJECTED from src\main\AndroidManifest.xml:3:5-6:85
INJECTED from src\main\AndroidManifest.xml:3:5-6:85
INJECTED from src\main\AndroidManifest.xml:3:5-6:85
	tools:overrideLibrary
		ADDED from src\main\AndroidManifest.xml:6:9-83
	android:targetSdkVersion
		ADDED from src\main\AndroidManifest.xml:5:9-38
		INJECTED from src\main\AndroidManifest.xml
		INJECTED from src\main\AndroidManifest.xml
	android:minSdkVersion
		ADDED from src\main\AndroidManifest.xml:4:9-35
		INJECTED from src\main\AndroidManifest.xml
		INJECTED from src\main\AndroidManifest.xml
uses-permission#android.permission.ACCESS_COARSE_LOCATION
ADDED from src\main\AndroidManifest.xml:8:5-80
	android:name
		ADDED from src\main\AndroidManifest.xml:8:22-78
uses-permission#android.permission.BATTERY_STATS
ADDED from src\main\AndroidManifest.xml:9:5-71
	android:name
		ADDED from src\main\AndroidManifest.xml:9:22-69
uses-permission#android.permission.REQUEST_INSTALL_PACKAGES
ADDED from src\main\AndroidManifest.xml:10:5-82
	android:name
		ADDED from src\main\AndroidManifest.xml:10:22-80
uses-permission#android.permission.READ_CALENDAR
ADDED from src\main\AndroidManifest.xml:11:5-71
	android:name
		ADDED from src\main\AndroidManifest.xml:11:22-69
uses-permission#android.permission.DOWNLOAD_WITHOUT_NOTIFICATION
ADDED from src\main\AndroidManifest.xml:12:5-87
	android:name
		ADDED from src\main\AndroidManifest.xml:12:22-85
uses-permission#android.permission.BLUETOOTH
ADDED from src\main\AndroidManifest.xml:13:5-67
	android:name
		ADDED from src\main\AndroidManifest.xml:13:22-65
uses-permission#android.permission.SEND_SMS
ADDED from src\main\AndroidManifest.xml:14:5-66
	android:name
		ADDED from src\main\AndroidManifest.xml:14:22-64
uses-permission#android.permission.READ_EXTERNAL_STORAGE
ADDED from src\main\AndroidManifest.xml:15:5-79
	android:name
		ADDED from src\main\AndroidManifest.xml:15:22-77
uses-permission#android.permission.CALL_PHONE
ADDED from src\main\AndroidManifest.xml:16:5-68
	android:name
		ADDED from src\main\AndroidManifest.xml:16:22-66
uses-permission#android.permission.WRITE_EXTERNAL_STORAGE
ADDED from src\main\AndroidManifest.xml:17:5-80
	android:name
		ADDED from src\main\AndroidManifest.xml:17:22-78
uses-permission#android.permission.ACCESS_WIFI_STATE
ADDED from src\main\AndroidManifest.xml:18:5-75
	android:name
		ADDED from src\main\AndroidManifest.xml:18:22-73
uses-permission#android.permission.MOUNT_UNMOUNT_FILESYSTEMS
ADDED from src\main\AndroidManifest.xml:19:5-83
	android:name
		ADDED from src\main\AndroidManifest.xml:19:22-81
uses-permission#android.permission.ACCESS_FINE_LOCATION
ADDED from src\main\AndroidManifest.xml:20:5-78
	android:name
		ADDED from src\main\AndroidManifest.xml:20:22-76
uses-permission#android.permission.SYSTEM_ALERT_WINDOW
ADDED from src\main\AndroidManifest.xml:21:5-77
	android:name
		ADDED from src\main\AndroidManifest.xml:21:22-75
uses-permission#android.permission.ACCESS_NETWORK_STATE
ADDED from src\main\AndroidManifest.xml:22:5-78
	android:name
		ADDED from src\main\AndroidManifest.xml:22:22-76
uses-permission#android.permission.SYSTEM_OVERLAY_WINDOW
ADDED from src\main\AndroidManifest.xml:23:5-79
	android:name
		ADDED from src\main\AndroidManifest.xml:23:22-77
uses-permission#android.permission.WAKE_LOCK
ADDED from src\main\AndroidManifest.xml:24:5-67
	android:name
		ADDED from src\main\AndroidManifest.xml:24:22-65
uses-permission#android.permission.CHANGE_NETWORK_STATE
ADDED from src\main\AndroidManifest.xml:25:5-78
	android:name
		ADDED from src\main\AndroidManifest.xml:25:22-76
uses-permission#android.permission.ACCESS_COARSE_UPDATES
ADDED from src\main\AndroidManifest.xml:26:5-79
	android:name
		ADDED from src\main\AndroidManifest.xml:26:22-77
uses-permission#com.android.launcher.permission.INSTALL_SHORTCUT
ADDED from src\main\AndroidManifest.xml:27:5-87
	android:name
		ADDED from src\main\AndroidManifest.xml:27:22-85
uses-permission#android.permission.GET_TASKS
ADDED from src\main\AndroidManifest.xml:28:5-67
	android:name
		ADDED from src\main\AndroidManifest.xml:28:22-65
uses-permission#android.permission.WRITE_SETTINGS
ADDED from src\main\AndroidManifest.xml:29:5-72
	android:name
		ADDED from src\main\AndroidManifest.xml:29:22-70
uses-permission#android.permission.CHANGE_WIFI_STATE
ADDED from src\main\AndroidManifest.xml:30:5-75
	android:name
		ADDED from src\main\AndroidManifest.xml:30:22-73
uses-permission#com.android.launcher.permission.UNINSTALL_SHORTCUT
ADDED from src\main\AndroidManifest.xml:31:5-89
	android:name
		ADDED from src\main\AndroidManifest.xml:31:22-87
uses-permission#android.permission.INTERNET
ADDED from src\main\AndroidManifest.xml:32:5-66
	android:name
		ADDED from src\main\AndroidManifest.xml:32:22-64
uses-permission#android.permission.READ_PHONE_STATE
ADDED from src\main\AndroidManifest.xml:33:5-74
	android:name
		ADDED from src\main\AndroidManifest.xml:33:22-72
uses-permission#android.permission.WRITE_CALENDAR
ADDED from src\main\AndroidManifest.xml:34:5-72
	android:name
		ADDED from src\main\AndroidManifest.xml:34:22-70
application
ADDED from src\main\AndroidManifest.xml:36:5-301:19
	android:supportsRtl
		ADDED from src\main\AndroidManifest.xml:36:46-72
	android:allowBackup
		ADDED from src\main\AndroidManifest.xml:36:18-45
service#com.mobgi.adutil.download.ApkDownloadService
ADDED from src\main\AndroidManifest.xml:40:9-79
	android:name
		ADDED from src\main\AndroidManifest.xml:40:18-77
activity#com.mobgi.adx.AdxVideoActivity
ADDED from src\main\AndroidManifest.xml:41:9-211
	android:screenOrientation
		ADDED from src\main\AndroidManifest.xml:41:172-209
	android:launchMode
		ADDED from src\main\AndroidManifest.xml:41:94-125
	android:configChanges
		ADDED from src\main\AndroidManifest.xml:41:19-93
	android:name
		ADDED from src\main\AndroidManifest.xml:41:126-171
receiver#com.mobgi.adutil.download.CompleteReceiver
ADDED from src\main\AndroidManifest.xml:42:9-47:20
	android:name
		ADDED from src\main\AndroidManifest.xml:42:19-76
intent-filter#android.intent.action.DOWNLOAD_COMPLETE+android.intent.action.DOWNLOAD_NOTIFICATION_CLICKED
ADDED from src\main\AndroidManifest.xml:43:13-46:29
action#android.intent.action.DOWNLOAD_COMPLETE
ADDED from src\main\AndroidManifest.xml:44:17-81
	android:name
		ADDED from src\main\AndroidManifest.xml:44:25-79
action#android.intent.action.DOWNLOAD_NOTIFICATION_CLICKED
ADDED from src\main\AndroidManifest.xml:45:17-93
	android:name
		ADDED from src\main\AndroidManifest.xml:45:25-91
receiver#com.mobgi.adutil.apk.ApkInstallReceiver
ADDED from src\main\AndroidManifest.xml:48:9-54:20
	android:name
		ADDED from src\main\AndroidManifest.xml:48:19-73
intent-filter#android.intent.action.PACKAGE_ADDED+android.intent.action.PACKAGE_REPLACED
ADDED from src\main\AndroidManifest.xml:49:13-53:29
action#android.intent.action.PACKAGE_ADDED
ADDED from src\main\AndroidManifest.xml:50:17-77
	android:name
		ADDED from src\main\AndroidManifest.xml:50:25-75
action#android.intent.action.PACKAGE_REPLACED
ADDED from src\main\AndroidManifest.xml:51:17-80
	android:name
		ADDED from src\main\AndroidManifest.xml:51:25-78
data
ADDED from src\main\AndroidManifest.xml:52:17-49
	android:scheme
		ADDED from src\main\AndroidManifest.xml:52:23-47
provider#android.support.v4.content.FileProvider
ADDED from src\main\AndroidManifest.xml:55:9-60:20
	android:grantUriPermissions
		ADDED from src\main\AndroidManifest.xml:55:96-130
	android:authorities
		ADDED from src\main\AndroidManifest.xml:55:19-70
	android:exported
		ADDED from src\main\AndroidManifest.xml:55:71-95
	android:name
		ADDED from src\main\AndroidManifest.xml:55:131-185
meta-data#android.support.FILE_PROVIDER_PATHS
ADDED from src\main\AndroidManifest.xml:56:13-115
	android:resource
		ADDED from src\main\AndroidManifest.xml:56:75-113
	android:name
		ADDED from src\main\AndroidManifest.xml:56:24-74
activity#com.mobgi.adx.AdxInterstitialActivity
ADDED from src\main\AndroidManifest.xml:64:9-247
	android:configChanges
		ADDED from src\main\AndroidManifest.xml:64:19-121
	android:theme
		ADDED from src\main\AndroidManifest.xml:64:175-245
	android:name
		ADDED from src\main\AndroidManifest.xml:64:122-174
activity#com.mobgi.platform.videonative.VideoNativeActivity
ADDED from src\main\AndroidManifest.xml:71:9-295
	android:screenOrientation
		ADDED from src\main\AndroidManifest.xml:71:188-222
	android:configChanges
		ADDED from src\main\AndroidManifest.xml:71:19-121
	android:theme
		ADDED from src\main\AndroidManifest.xml:71:223-293
	android:name
		ADDED from src\main\AndroidManifest.xml:71:122-187
activity#com.mobgi.platform.interstitialnative.InterstitialNativeActivity
ADDED from src\main\AndroidManifest.xml:74:9-309
	android:screenOrientation
		ADDED from src\main\AndroidManifest.xml:74:202-236
	android:configChanges
		ADDED from src\main\AndroidManifest.xml:74:19-121
	android:theme
		ADDED from src\main\AndroidManifest.xml:74:237-307
	android:name
		ADDED from src\main\AndroidManifest.xml:74:122-201
activity#com.mobgi.ads.checker.PermissionActivity
ADDED from src\main\AndroidManifest.xml:77:9-228
	android:launchMode
		ADDED from src\main\AndroidManifest.xml:77:81-110
	android:windowSoftInputMode
		ADDED from src\main\AndroidManifest.xml:77:167-226
	android:configChanges
		ADDED from src\main\AndroidManifest.xml:77:19-80
	android:name
		ADDED from src\main\AndroidManifest.xml:77:111-166
service#com.mobgi.ads.checker.view.LifecycleManager$AppExitListenerService
ADDED from src\main\AndroidManifest.xml:78:9-149
	android:enabled
		ADDED from src\main\AndroidManifest.xml:78:18-40
	android:exported
		ADDED from src\main\AndroidManifest.xml:78:41-65
	android:name
		ADDED from src\main\AndroidManifest.xml:78:66-147
activity#com.google.android.gms.ads.internal.directappinstall.DirectAppInstallActivity
ADDED from src\main\AndroidManifest.xml:83:9-86:63
	android:configChanges
		ADDED from src\main\AndroidManifest.xml:85:13-122
	android:theme
		ADDED from src\main\AndroidManifest.xml:86:13-61
	android:name
		ADDED from src\main\AndroidManifest.xml:84:13-105
receiver#com.google.android.gms.ads.internal.directappinstall.DirectAppInstallReceiver$DownloadCompleteReceiver
ADDED from src\main\AndroidManifest.xml:88:9-94:20
	android:exported
		ADDED from src\main\AndroidManifest.xml:90:13-36
	android:name
		ADDED from src\main\AndroidManifest.xml:89:13-130
intent-filter#android.intent.action.DOWNLOAD_COMPLETE
ADDED from src\main\AndroidManifest.xml:91:13-93:29
receiver#com.google.android.gms.ads.internal.directappinstall.DirectAppInstallReceiver$InstallCompleteReceiver
ADDED from src\main\AndroidManifest.xml:95:9-104:20
	android:exported
		ADDED from src\main\AndroidManifest.xml:97:13-36
	android:name
		ADDED from src\main\AndroidManifest.xml:96:13-129
intent-filter#android.intent.action.PACKAGE_ADDED+android.intent.action.PACKAGE_CHANGED+android.intent.action.PACKAGE_REPLACED
ADDED from src\main\AndroidManifest.xml:98:13-103:29
action#android.intent.action.PACKAGE_CHANGED
ADDED from src\main\AndroidManifest.xml:101:17-80
	android:name
		ADDED from src\main\AndroidManifest.xml:101:25-77
activity#com.kyview.AdviewWebView
ADDED from src\main\AndroidManifest.xml:108:9-60
	android:name
		ADDED from src\main\AndroidManifest.xml:108:19-58
activity#com.kyview.AdActivity
ADDED from src\main\AndroidManifest.xml:109:9-57
	android:name
		ADDED from src\main\AndroidManifest.xml:109:19-55
activity#com.kuaiyou.video.vast.activity.VASTAdActivity
ADDED from src\main\AndroidManifest.xml:110:9-227
	android:hardwareAccelerated
		ADDED from src\main\AndroidManifest.xml:110:129-163
	android:configChanges
		ADDED from src\main\AndroidManifest.xml:110:19-128
	android:name
		ADDED from src\main\AndroidManifest.xml:110:164-225
service#com.kyview.DownloadService
ADDED from src\main\AndroidManifest.xml:111:9-61
	android:name
		ADDED from src\main\AndroidManifest.xml:111:18-59
receiver#com.yumi.android.sdk.ads.self.module.receiver.ADReceiver
ADDED from src\main\AndroidManifest.xml:115:9-123:20
	android:name
		ADDED from src\main\AndroidManifest.xml:115:19-90
intent-filter#android.intent.action.PACKAGE_ADDED
ADDED from src\main\AndroidManifest.xml:119:13-122:29
	android:priority
		ADDED from src\main\AndroidManifest.xml:178:28-57
service#com.yumi.android.sdk.ads.service.YumiAdsEventService
ADDED from src\main\AndroidManifest.xml:124:9-87
	android:name
		ADDED from src\main\AndroidManifest.xml:124:18-85
activity#com.yumi.android.sdk.ads.self.activity.YumiFullScreenActivity
ADDED from src\main\AndroidManifest.xml:125:9-218
	android:configChanges
		ADDED from src\main\AndroidManifest.xml:125:19-80
	android:theme
		ADDED from src\main\AndroidManifest.xml:125:158-216
	android:name
		ADDED from src\main\AndroidManifest.xml:125:81-157
activity#com.yumi.android.sdk.ads.mediation.activity.MediationTestActivity
ADDED from src\main\AndroidManifest.xml:127:9-101
	android:name
		ADDED from src\main\AndroidManifest.xml:127:19-99
activity#com.inmobi.rendering.InMobiAdActivity
ADDED from src\main\AndroidManifest.xml:133:9-290
	android:hardwareAccelerated
		ADDED from src\main\AndroidManifest.xml:133:122-156
	tools:ignore
		ADDED from src\main\AndroidManifest.xml:133:258-288
	android:configChanges
		ADDED from src\main\AndroidManifest.xml:133:19-121
	android:theme
		ADDED from src\main\AndroidManifest.xml:133:210-257
	android:name
		ADDED from src\main\AndroidManifest.xml:133:157-209
receiver#com.inmobi.commons.core.utilities.uid.ImIdShareBroadCastReceiver
ADDED from src\main\AndroidManifest.xml:135:9-139:20
	android:enabled
		ADDED from src\main\AndroidManifest.xml:135:19-41
	android:exported
		ADDED from src\main\AndroidManifest.xml:135:42-65
	tools:ignore
		ADDED from src\main\AndroidManifest.xml:135:146-177
	android:name
		ADDED from src\main\AndroidManifest.xml:135:66-145
intent-filter#com.inmobi.share.id
ADDED from src\main\AndroidManifest.xml:136:13-138:29
action#com.inmobi.share.id
ADDED from src\main\AndroidManifest.xml:137:17-61
	android:name
		ADDED from src\main\AndroidManifest.xml:137:25-59
service#com.inmobi.ads.ApkDownloader$ApkDownloadService
ADDED from src\main\AndroidManifest.xml:140:9-105
	android:enabled
		ADDED from src\main\AndroidManifest.xml:140:18-40
	android:name
		ADDED from src\main\AndroidManifest.xml:140:41-103
activity#com.centrixlink.SDK.FullScreenADActivity
ADDED from src\main\AndroidManifest.xml:148:9-238
	android:configChanges
		ADDED from src\main\AndroidManifest.xml:148:19-121
	android:theme
		ADDED from src\main\AndroidManifest.xml:148:178-236
	android:name
		ADDED from src\main\AndroidManifest.xml:148:122-177
activity#com.vungle.warren.ui.VungleActivity
ADDED from src\main\AndroidManifest.xml:152:9-156:75
	android:launchMode
		ADDED from src\main\AndroidManifest.xml:155:13-43
	android:configChanges
		ADDED from src\main\AndroidManifest.xml:154:13-106
	android:theme
		ADDED from src\main\AndroidManifest.xml:156:13-72
	android:name
		ADDED from src\main\AndroidManifest.xml:153:13-63
activity#com.vungle.warren.ui.VungleWebViewActivity
ADDED from src\main\AndroidManifest.xml:157:9-161:75
	android:launchMode
		ADDED from src\main\AndroidManifest.xml:160:13-43
	android:configChanges
		ADDED from src\main\AndroidManifest.xml:159:13-106
	android:theme
		ADDED from src\main\AndroidManifest.xml:161:13-72
	android:name
		ADDED from src\main\AndroidManifest.xml:158:13-70
activity#com.vungle.warren.ui.VungleFlexViewActivity
ADDED from src\main\AndroidManifest.xml:162:9-166:75
	android:launchMode
		ADDED from src\main\AndroidManifest.xml:165:13-43
	android:configChanges
		ADDED from src\main\AndroidManifest.xml:164:13-106
	android:theme
		ADDED from src\main\AndroidManifest.xml:166:13-72
	android:name
		ADDED from src\main\AndroidManifest.xml:163:13-71
activity#com.uniplay.adsdk.AdActivity
ADDED from src\main\AndroidManifest.xml:171:9-135
	android:configChanges
		ADDED from src\main\AndroidManifest.xml:171:19-89
	android:name
		ADDED from src\main\AndroidManifest.xml:171:90-133
activity#com.uniplay.adsdk.InterstitialAdActivity
ADDED from src\main\AndroidManifest.xml:172:9-196
	android:configChanges
		ADDED from src\main\AndroidManifest.xml:172:19-89
	android:theme
		ADDED from src\main\AndroidManifest.xml:172:146-194
	android:name
		ADDED from src\main\AndroidManifest.xml:172:90-145
receiver#com.uniplay.adsdk.PackageReceiver
ADDED from src\main\AndroidManifest.xml:173:9-182:20
	android:name
		ADDED from src\main\AndroidManifest.xml:173:19-67
intent-filter#android.intent.action.USER_PRESENT+android.net.conn.CONNECTIVITY_CHANGE
ADDED from src\main\AndroidManifest.xml:174:13-177:29
	android:priority
		ADDED from src\main\AndroidManifest.xml:174:28-57
action#android.net.conn.CONNECTIVITY_CHANGE
ADDED from src\main\AndroidManifest.xml:175:17-78
	android:name
		ADDED from src\main\AndroidManifest.xml:175:25-76
action#android.intent.action.USER_PRESENT
ADDED from src\main\AndroidManifest.xml:176:17-76
	android:name
		ADDED from src\main\AndroidManifest.xml:176:25-74
service#com.uniplay.adsdk.DownloadService
ADDED from src\main\AndroidManifest.xml:183:9-68
	android:name
		ADDED from src\main\AndroidManifest.xml:183:18-66
activity#mobi.oneway.sdk.AdShowActivity
ADDED from src\main\AndroidManifest.xml:188:9-318
	android:hardwareAccelerated
		ADDED from src\main\AndroidManifest.xml:188:177-211
	android:configChanges
		ADDED from src\main\AndroidManifest.xml:188:19-176
	android:theme
		ADDED from src\main\AndroidManifest.xml:188:258-316
	android:name
		ADDED from src\main\AndroidManifest.xml:188:212-257
activity#com.mintegral.msdk.activity.MTGCommonActivity
ADDED from src\main\AndroidManifest.xml:192:9-197:75
	android:screenOrientation
		ADDED from src\main\AndroidManifest.xml:196:13-49
	android:exported
		ADDED from src\main\AndroidManifest.xml:195:13-36
	android:configChanges
		ADDED from src\main\AndroidManifest.xml:194:13-57
	android:theme
		ADDED from src\main\AndroidManifest.xml:197:13-72
	android:name
		ADDED from src\main\AndroidManifest.xml:193:13-73
receiver#com.mintegral.msdk.click.AppReceiver
ADDED from src\main\AndroidManifest.xml:198:9-203:20
	android:name
		ADDED from src\main\AndroidManifest.xml:198:19-70
service#com.mintegral.msdk.shell.MTGService
ADDED from src\main\AndroidManifest.xml:204:9-208:19
	android:name
		ADDED from src\main\AndroidManifest.xml:204:18-68
intent-filter#com.mintegral.msdk.download.action
ADDED from src\main\AndroidManifest.xml:205:13-207:29
action#com.mintegral.msdk.download.action
ADDED from src\main\AndroidManifest.xml:206:17-77
	android:name
		ADDED from src\main\AndroidManifest.xml:206:25-74
activity#com.mintegral.msdk.interstitial.view.MTGInterstitialActivity
ADDED from src\main\AndroidManifest.xml:210:9-213:52
	android:screenOrientation
		ADDED from src\main\AndroidManifest.xml:213:13-49
	android:configChanges
		ADDED from src\main\AndroidManifest.xml:212:13-59
	android:name
		ADDED from src\main\AndroidManifest.xml:211:13-88
activity#com.mintegral.msdk.reward.player.MTGRewardVideoActivity
ADDED from src\main\AndroidManifest.xml:215:9-218:74
	android:configChanges
		ADDED from src\main\AndroidManifest.xml:217:13-74
	android:theme
		ADDED from src\main\AndroidManifest.xml:218:13-71
	android:name
		ADDED from src\main\AndroidManifest.xml:216:13-83
activity#com.lam.activity.InterstitialVideoActivity
ADDED from src\main\AndroidManifest.xml:223:9-226:64
	android:launchMode
		ADDED from src\main\AndroidManifest.xml:225:13-44
	android:theme
		ADDED from src\main\AndroidManifest.xml:226:13-61
	android:name
		ADDED from src\main\AndroidManifest.xml:224:13-70
activity#com.lam.activity.StimulateVideoActivity
ADDED from src\main\AndroidManifest.xml:228:9-230:47
	android:launchMode
		ADDED from src\main\AndroidManifest.xml:230:13-44
	android:name
		ADDED from src\main\AndroidManifest.xml:229:13-67
activity#com.lam.activity.DialogActivity
ADDED from src\main\AndroidManifest.xml:232:9-235:59
	android:launchMode
		ADDED from src\main\AndroidManifest.xml:234:13-44
	android:theme
		ADDED from src\main\AndroidManifest.xml:235:13-56
	android:name
		ADDED from src\main\AndroidManifest.xml:233:13-59
provider#com.lam.listener.FileProvider
ADDED from src\main\AndroidManifest.xml:237:9-241:50
	android:grantUriPermissions
		ADDED from src\main\AndroidManifest.xml:241:13-47
	android:authorities
		ADDED from src\main\AndroidManifest.xml:239:13-67
	android:exported
		ADDED from src\main\AndroidManifest.xml:240:13-37
	android:name
		ADDED from src\main\AndroidManifest.xml:238:13-57
service#com.lam.service.ManService
ADDED from src\main\AndroidManifest.xml:243:9-250:19
	android:enabled
		ADDED from src\main\AndroidManifest.xml:245:13-35
	android:exported
		ADDED from src\main\AndroidManifest.xml:246:13-36
	android:name
		ADDED from src\main\AndroidManifest.xml:244:13-54
intent-filter#com.adroid.SERVICE
ADDED from src\main\AndroidManifest.xml:247:13-249:29
action#com.adroid.SERVICE
ADDED from src\main\AndroidManifest.xml:248:17-61
	android:name
		ADDED from src\main\AndroidManifest.xml:248:25-58
meta-data#LM_KEY
ADDED from src\main\AndroidManifest.xml:252:9-254:38
	android:value
		ADDED from src\main\AndroidManifest.xml:254:13-35
	android:name
		ADDED from src\main\AndroidManifest.xml:253:13-34
meta-data#LM_CHANNEL
ADDED from src\main\AndroidManifest.xml:256:9-258:37
	android:value
		ADDED from src\main\AndroidManifest.xml:258:13-34
	android:name
		ADDED from src\main\AndroidManifest.xml:257:13-38
activity#com.tencent.analytics.api.sky.ActivityApiC
ADDED from src\main\AndroidManifest.xml:263:9-209
	android:configChanges
		ADDED from src\main\AndroidManifest.xml:263:19-89
	android:theme
		ADDED from src\main\AndroidManifest.xml:263:148-207
	android:name
		ADDED from src\main\AndroidManifest.xml:263:90-147
activity#com.tencent.analytics.api.sky.ActivityApiF
ADDED from src\main\AndroidManifest.xml:264:9-209
	android:configChanges
		ADDED from src\main\AndroidManifest.xml:264:19-89
	android:theme
		ADDED from src\main\AndroidManifest.xml:264:148-207
	android:name
		ADDED from src\main\AndroidManifest.xml:264:90-147
activity#com.tencent.analytics.api.sky.ActivityApiW
ADDED from src\main\AndroidManifest.xml:265:9-209
	android:configChanges
		ADDED from src\main\AndroidManifest.xml:265:19-89
	android:theme
		ADDED from src\main\AndroidManifest.xml:265:148-207
	android:name
		ADDED from src\main\AndroidManifest.xml:265:90-147
activity#com.tencent.analytics.api.sky.ActivityStyleA
ADDED from src\main\AndroidManifest.xml:266:9-211
	android:configChanges
		ADDED from src\main\AndroidManifest.xml:266:19-89
	android:theme
		ADDED from src\main\AndroidManifest.xml:266:150-209
	android:name
		ADDED from src\main\AndroidManifest.xml:266:90-149
activity#com.tencent.analytics.api.sky.ActivityStyleB
ADDED from src\main\AndroidManifest.xml:267:9-211
	android:configChanges
		ADDED from src\main\AndroidManifest.xml:267:19-89
	android:theme
		ADDED from src\main\AndroidManifest.xml:267:150-209
	android:name
		ADDED from src\main\AndroidManifest.xml:267:90-149
activity#com.tencent.analytics.api.sky.ActivityStyleC
ADDED from src\main\AndroidManifest.xml:268:9-211
	android:configChanges
		ADDED from src\main\AndroidManifest.xml:268:19-89
	android:theme
		ADDED from src\main\AndroidManifest.xml:268:150-209
	android:name
		ADDED from src\main\AndroidManifest.xml:268:90-149
activity#com.tencent.analytics.api.sky.ActivityStyleD
ADDED from src\main\AndroidManifest.xml:269:9-211
	android:configChanges
		ADDED from src\main\AndroidManifest.xml:269:19-89
	android:theme
		ADDED from src\main\AndroidManifest.xml:269:150-209
	android:name
		ADDED from src\main\AndroidManifest.xml:269:90-149
activity#com.sky.SkyAppActivity
ADDED from src\main\AndroidManifest.xml:270:9-178
	android:configChanges
		ADDED from src\main\AndroidManifest.xml:270:19-78
	android:theme
		ADDED from src\main\AndroidManifest.xml:270:117-176
	android:name
		ADDED from src\main\AndroidManifest.xml:270:79-116
service#com.tencent.analytics.sdk.Adx
ADDED from src\main\AndroidManifest.xml:271:9-94
	android:priority
		ADDED from src\main\AndroidManifest.xml:271:63-92
	android:name
		ADDED from src\main\AndroidManifest.xml:271:18-62
service#com.tencent.analytics.sdk.Adm
ADDED from src\main\AndroidManifest.xml:272:9-94
	android:priority
		ADDED from src\main\AndroidManifest.xml:272:63-92
	android:name
		ADDED from src\main\AndroidManifest.xml:272:18-62
service#com.qq.e.comm.DownloadService
ADDED from src\main\AndroidManifest.xml:274:9-89
	android:exported
		ADDED from src\main\AndroidManifest.xml:274:18-42
	android:name
		ADDED from src\main\AndroidManifest.xml:274:43-87
activity#com.qq.e.ads.ADActivity
ADDED from src\main\AndroidManifest.xml:275:9-130
	android:configChanges
		ADDED from src\main\AndroidManifest.xml:275:19-89
	android:name
		ADDED from src\main\AndroidManifest.xml:275:90-128
activity#com.ksc.ad.sdk.ui.AdProxyActivity
ADDED from src\main\AndroidManifest.xml:280:9-231
	android:hardwareAccelerated
		ADDED from src\main\AndroidManifest.xml:280:81-115
	android:configChanges
		ADDED from src\main\AndroidManifest.xml:280:19-80
	android:theme
		ADDED from src\main\AndroidManifest.xml:280:165-229
	android:name
		ADDED from src\main\AndroidManifest.xml:280:116-164
activity#com.ksc.ad.sdk.ui.AdPermissionProxyActivity
ADDED from src\main\AndroidManifest.xml:281:9-212
	android:configChanges
		ADDED from src\main\AndroidManifest.xml:281:19-80
	android:theme
		ADDED from src\main\AndroidManifest.xml:281:140-210
	android:name
		ADDED from src\main\AndroidManifest.xml:281:81-139
service#com.ksc.ad.sdk.service.AdProxyService
ADDED from src\main\AndroidManifest.xml:282:9-72
	android:name
		ADDED from src\main\AndroidManifest.xml:282:18-70
provider#com.ksc.ad.sdk.util.KsyunFileProvider
ADDED from src\main\AndroidManifest.xml:283:9-285:20
	android:grantUriPermissions
		ADDED from src\main\AndroidManifest.xml:283:96-130
	android:authorities
		ADDED from src\main\AndroidManifest.xml:283:19-70
	android:exported
		ADDED from src\main\AndroidManifest.xml:283:71-95
	android:name
		ADDED from src\main\AndroidManifest.xml:283:131-183
provider#com.bytedance.sdk.openadsdk.service.TTDownloadProvider
ADDED from src\main\AndroidManifest.xml:292:9-169
	android:authorities
		ADDED from src\main\AndroidManifest.xml:292:19-72
	android:exported
		ADDED from src\main\AndroidManifest.xml:292:73-97
	android:name
		ADDED from src\main\AndroidManifest.xml:292:98-167
activity#com.bytedance.sdk.openadsdk.activity.TTLandingPageActivity
ADDED from src\main\AndroidManifest.xml:293:9-126
	android:launchMode
		ADDED from src\main\AndroidManifest.xml:293:19-50
	android:name
		ADDED from src\main\AndroidManifest.xml:293:51-124
activity#com.bytedance.sdk.openadsdk.activity.TTVideoLandingPageActivity
ADDED from src\main\AndroidManifest.xml:294:9-193
	android:launchMode
		ADDED from src\main\AndroidManifest.xml:294:81-112
	android:configChanges
		ADDED from src\main\AndroidManifest.xml:294:19-80
	android:name
		ADDED from src\main\AndroidManifest.xml:294:113-191
activity#com.bytedance.sdk.openadsdk.activity.TTRewardVideoActivity
ADDED from src\main\AndroidManifest.xml:295:9-226
	android:screenOrientation
		ADDED from src\main\AndroidManifest.xml:295:187-224
	android:launchMode
		ADDED from src\main\AndroidManifest.xml:295:81-112
	android:configChanges
		ADDED from src\main\AndroidManifest.xml:295:19-80
	android:name
		ADDED from src\main\AndroidManifest.xml:295:113-186
activity#com.bytedance.sdk.openadsdk.activity.TTDelegateActivity
ADDED from src\main\AndroidManifest.xml:296:9-183
	android:launchMode
		ADDED from src\main\AndroidManifest.xml:296:19-50
	android:theme
		ADDED from src\main\AndroidManifest.xml:296:122-181
	android:name
		ADDED from src\main\AndroidManifest.xml:296:51-121
service#com.bytedance.sdk.openadsdk.service.TTDownloadService
ADDED from src\main\AndroidManifest.xml:297:9-88
	android:name
		ADDED from src\main\AndroidManifest.xml:297:18-86
service#com.bytedance.sdk.openadsdk.service.TTDownloadHandlerService
ADDED from src\main\AndroidManifest.xml:298:9-95
	android:name
		ADDED from src\main\AndroidManifest.xml:298:18-93